<?xml version="1.0" encoding="UTF-8"?>
<testng-results ignored="0" total="3" passed="3" failed="0" skipped="0">
  <reporter-output>
  </reporter-output>
  <suite started-at="2025-12-09T23:01:38 IST" name="Default suite" finished-at="2025-12-09T23:01:38 IST" duration-ms="64">
    <groups>
    </groups>
    <test started-at="2025-12-09T23:01:38 IST" name="Default test" finished-at="2025-12-09T23:01:38 IST" duration-ms="64">
      <class name="com.jbk.Login">
        <test-method signature="login1()[pri:0, instance:com.jbk.Login@dd05255]" started-at="2025-12-09T23:01:38 IST" name="login1" finished-at="2025-12-09T23:01:38 IST" duration-ms="14" status="PASS">
          <reporter-output>
          </reporter-output>
        </test-method> <!-- login1 -->
        <test-method signature="login2()[pri:0, instance:com.jbk.Login@dd05255]" started-at="2025-12-09T23:01:38 IST" name="login2" finished-at="2025-12-09T23:01:38 IST" duration-ms="1" status="PASS">
          <reporter-output>
          </reporter-output>
        </test-method> <!-- login2 -->
        <test-method signature="login3()[pri:0, instance:com.jbk.Login@dd05255]" started-at="2025-12-09T23:01:38 IST" name="login3" finished-at="2025-12-09T23:01:38 IST" duration-ms="2" status="PASS">
          <reporter-output>
          </reporter-output>
        </test-method> <!-- login3 -->
      </class> <!-- com.jbk.Login -->
    </test> <!-- Default test -->
  </suite> <!-- Default suite -->
</testng-results>
